<?xml version="1.0" encoding="UTF-8"?>
<!-- Generated by org.testng.reporters.JUnitReportReporter -->
<testsuite skipped="0" hostname="INBLRWIT238540" name="assignments.download" tests="1" failures="0" timestamp="14 Oct 2019 12:35:46 GMT" time="15.336" errors="0">
  <testcase name="main" time="15.336" classname="assignments.download"/>
</testsuite> <!-- assignments.download -->
