<?xml version="1.0" encoding="UTF-8"?>
<!-- Generated by org.testng.reporters.JUnitReportReporter -->
<testsuite skipped="0" hostname="INBLRWIT238540" name="com.edureka.project.BookTicket.BookReturnCruiseTicket" tests="1" failures="0" timestamp="12 Mar 2020 13:15:23 GMT" time="51.125" errors="0">
  <testcase name="BookReturnTicketTest" time="51.125" classname="com.edureka.project.BookTicket.BookReturnCruiseTicket"/>
</testsuite> <!-- com.edureka.project.BookTicket.BookReturnCruiseTicket -->
