<?xml version="1.0" encoding="UTF-8"?>
<!-- Generated by org.testng.reporters.JUnitReportReporter -->
<testsuite skipped="0" hostname="INBLRWIT238540" name="com.edureeka.project.Credentials.ValidateCredentialsTest" tests="1" failures="0" timestamp="06 Dec 2019 12:40:26 GMT" time="7.214" errors="0">
  <testcase name="validcredentialTest" time="7.214" classname="com.edureeka.project.Credentials.ValidateCredentialsTest"/>
</testsuite> <!-- com.edureeka.project.Credentials.ValidateCredentialsTest -->
