<?xml version="1.0" encoding="UTF-8"?>
<!-- Generated by org.testng.reporters.JUnitReportReporter -->
<testsuite skipped="0" hostname="INBLRWIT238540" name="com.edureeka.project.CredentialsTest.ValidateCredentialsTest" tests="1" failures="0" timestamp="03 Oct 2019 09:34:54 GMT" time="22.982" errors="0">
  <testcase name="validcredentialTest" time="22.982" classname="com.edureeka.project.CredentialsTest.ValidateCredentialsTest"/>
</testsuite> <!-- com.edureeka.project.CredentialsTest.ValidateCredentialsTest -->
