<?xml version="1.0" encoding="UTF-8"?>
<!-- Generated by org.testng.reporters.JUnitReportReporter -->
<testsuite skipped="0" hostname="INBLRWIT238540" name="assignments.ExtentDemo" tests="1" failures="0" timestamp="18 Oct 2019 08:13:02 GMT" time="8.634" errors="0">
  <testcase name="extentReportsDemo" time="8.634" classname="assignments.ExtentDemo"/>
</testsuite> <!-- assignments.ExtentDemo -->
