<?xml version="1.0" encoding="UTF-8"?>
<!-- Generated by org.testng.reporters.JUnitReportReporter -->
<testsuite skipped="0" hostname="INBLRWIT238540" name="com.edureeka.project.Credentials.RegisterCredentials" tests="1" failures="0" timestamp="06 Dec 2019 12:40:26 GMT" time="15.542" errors="0">
  <testcase name="registerUser" time="15.542" classname="com.edureeka.project.Credentials.RegisterCredentials"/>
</testsuite> <!-- com.edureeka.project.Credentials.RegisterCredentials -->
