<?xml version="1.0" encoding="UTF-8"?>
<!-- Generated by org.testng.reporters.JUnitReportReporter -->
<testsuite skipped="0" hostname="INBLRWIT238540" name="assignments.ReEnterEmailError" tests="1" failures="0" timestamp="16 Oct 2019 12:09:52 GMT" time="18.519" errors="0">
  <testcase name="ReEnterEmailErrorTest" time="18.519" classname="assignments.ReEnterEmailError"/>
</testsuite> <!-- assignments.ReEnterEmailError -->
