<?xml version="1.0" encoding="UTF-8"?>
<!-- Generated by org.testng.reporters.JUnitReportReporter -->
<testsuite skipped="0" hostname="INBLRWIT238540" name="assignments.BookTicketTest" tests="1" failures="0" timestamp="15 Oct 2019 13:30:43 GMT" time="679.080" errors="0">
  <testcase name="BookReturnTicketTest" time="679.080" classname="assignments.BookTicketTest"/>
</testsuite> <!-- assignments.BookTicketTest -->
