<?xml version="1.0" encoding="UTF-8"?>
<!-- Generated by org.testng.reporters.JUnitReportReporter -->
<testsuite skipped="0" hostname="INBLRWIT238540" name="com.edureka.project.BookTicket.BookReturnCruiseTicket" tests="1" failures="0" timestamp="06 Dec 2019 12:40:26 GMT" time="19.589" errors="0">
  <testcase name="BookReturnTicketTest" time="19.589" classname="com.edureka.project.BookTicket.BookReturnCruiseTicket"/>
</testsuite> <!-- com.edureka.project.BookTicket.BookReturnCruiseTicket -->
