<?xml version="1.0" encoding="UTF-8"?>
<!-- Generated by org.testng.reporters.JUnitReportReporter -->
<testsuite skipped="0" hostname="INBLRWIT238540" name="com.edureeka.project.Credentials.ValidateCredentialsTest" tests="1" failures="0" timestamp="03 Nov 2019 16:51:43 GMT" time="9.705" errors="0">
  <testcase name="validcredentialTest" time="9.705" classname="com.edureeka.project.Credentials.ValidateCredentialsTest"/>
</testsuite> <!-- com.edureeka.project.Credentials.ValidateCredentialsTest -->
